============================= test session starts =============================
platform win32 -- Python 3.12.7, pytest-9.0.2, pluggy-1.6.0
rootdir: H:\ai binance
plugins: anyio-4.13.0
collected 3 items

tests\test_integration.py FFF                                            [100%]

================================== FAILURES ===================================
________________________ test_full_pipeline_mock_mode _________________________

base_intel = MarketIntelligence(asset='BTC/USDC', timestamp_utc='2026-03-28T19:49:08.213311+00:00', rsi_5m=25.0, macd_5m=0.005, ema..., macro_risk_level=0.4, macro_risk_flags=[], historical_lessons='', research_staleness_seconds=120, data_quality='low')

    def test_full_pipeline_mock_mode(base_intel):
        """Test full pipeline: Decision (Mock) -> Proposal -> Risk Gate."""
        with patch("ai.decision_engine.get_settings") as mock_set:
            mock_set.return_value = Settings(model=ModelSettings(validation_mode="mock"))
    
            # 1. AI evaluation (should trigger Mock deterministic logic)
            decision = evaluate(base_intel)
    
            # MOCK logic says: RSI < 30 and MACD > 0 -> BUY conf 85
            assert decision.decision == Action.BUY
            assert decision.confidence == 85
            assert "mock_mode_active" in decision.risk_flags
    
            # 2. Risk Evaluation
>           proposal = TradeProposal.from_decision(decision, intel=base_intel.to_dict())
                       ^^^^^^^^^^^^^^^^^^^^^^^^^^^^^^^^^^^^^^^^^^^^^^^^^^^^^^^^^^^^^^^^^

tests\test_integration.py:54: 
_ _ _ _ _ _ _ _ _ _ _ _ _ _ _ _ _ _ _ _ _ _ _ _ _ _ _ _ _ _ _ _ _ _ _ _ _ _ _ _

cls = <class 'ai.types.TradeProposal'>
td = TradeDecision(asset='BTC/USDC', decision=<Action.BUY: 'buy'>, confidence=85, time_horizon=<TimeHorizon.INTRADAY: 'intr...lity.HIGH: 'high'>, staleness_seconds=0.0, requires_risk_review=True, timestamp_utc='2026-03-28T19:49:08.213311+00:00')
intel = {'asset': 'BTC/USDC', 'close_price': 60000.0, 'data_quality': 'low', 'ema_20_5m': 0.0, ...}

    @classmethod
    def from_decision(cls, td: TradeDecision, intel: Optional[MarketIntelligence] = None) -> TradeProposal:
        return cls(
            asset=td.asset,
            action=td.decision,
            confidence=td.confidence,
            reason=td.thesis,
>           intelligence_snapshot=intel.to_dict() if intel else None,
                                  ^^^^^^^^^^^^^
            decision=td.to_dict(),
        )
E       AttributeError: 'dict' object has no attribute 'to_dict'

ai\types.py:200: AttributeError
______________________ test_degraded_mode_model_timeout _______________________

base_intel = MarketIntelligence(asset='BTC/USDC', timestamp_utc='2026-03-28T19:49:08.371470+00:00', rsi_5m=25.0, macd_5m=0.005, ema..., macro_risk_level=0.4, macro_risk_flags=[], historical_lessons='', research_staleness_seconds=120, data_quality='low')

    def test_degraded_mode_model_timeout(base_intel):
        """Test pipeline resilience when Ollama is offline."""
        with patch("ai.decision_engine.get_settings") as mock_set:
            mock_set.return_value = Settings(model=ModelSettings(validation_mode="real", max_retries=1))
    
            with patch("ai.decision_engine.requests.post") as mock_post:
                import requests
                mock_post.side_effect = requests.exceptions.Timeout("Connection timed out")
    
                # 1. AI evaluation (should use technical fallback)
                decision = evaluate(base_intel)
    
                # Technical fallback says: RSI 5m < 35, MACD > 0, RSI 1h < 45 -> BUY conf 50
                assert decision.decision == Action.BUY
                assert decision.confidence == 50
                assert decision.data_quality == DataQuality.LOW
                assert "model_unreachable" in decision.risk_flags
    
                # 2. Risk Gate should BLOCK it because DataQuality is LOW and Confidence < 80
>               proposal = TradeProposal.from_decision(decision, intel=base_intel.to_dict())
                           ^^^^^^^^^^^^^^^^^^^^^^^^^^^^^^^^^^^^^^^^^^^^^^^^^^^^^^^^^^^^^^^^^

tests\test_integration.py:85: 
_ _ _ _ _ _ _ _ _ _ _ _ _ _ _ _ _ _ _ _ _ _ _ _ _ _ _ _ _ _ _ _ _ _ _ _ _ _ _ _

cls = <class 'ai.types.TradeProposal'>
td = TradeDecision(asset='BTC/USDC', decision=<Action.BUY: 'buy'>, confidence=50, time_horizon=<TimeHorizon.INTRADAY: 'intr...uality.LOW: 'low'>, staleness_seconds=0.0, requires_risk_review=True, timestamp_utc='2026-03-28T19:49:08.372479+00:00')
intel = {'asset': 'BTC/USDC', 'close_price': 60000.0, 'data_quality': 'low', 'ema_20_5m': 0.0, ...}

    @classmethod
    def from_decision(cls, td: TradeDecision, intel: Optional[MarketIntelligence] = None) -> TradeProposal:
        return cls(
            asset=td.asset,
            action=td.decision,
            confidence=td.confidence,
            reason=td.thesis,
>           intelligence_snapshot=intel.to_dict() if intel else None,
                                  ^^^^^^^^^^^^^
            decision=td.to_dict(),
        )
E       AttributeError: 'dict' object has no attribute 'to_dict'

ai\types.py:200: AttributeError
------------------------------ Captured log call ------------------------------
WARNING  ai.decision_engine:decision_engine.py:185 Model timeout (attempt 1/1)
WARNING  ai.decision_engine:decision_engine.py:84 [BTC/USDC] [REAL MODE] Model unreachable, using technical fallback
__________________________ test_cached_mode_behavior __________________________

base_intel = MarketIntelligence(asset='BTC/USDC', timestamp_utc='2026-03-28T19:49:08.385302+00:00', rsi_5m=25.0, macd_5m=0.005, ema..., macro_risk_level=0.4, macro_risk_flags=[], historical_lessons='', research_staleness_seconds=120, data_quality='low')
tmp_path = WindowsPath('C:/Users/tony1/AppData/Local/Temp/pytest-of-tony1/pytest-16/test_cached_mode_behavior0')

    def test_cached_mode_behavior(base_intel, tmp_path):
        """Test inference caching functionality."""
        cache_file = tmp_path / "test_cache.json"
    
        with patch("ai.cache.get_settings") as mock_cache_set, \
             patch("ai.decision_engine.get_settings") as mock_decision_set:
    
            settings = Settings(
                model=ModelSettings(validation_mode="cached"),
>               paths=patch("config.settings.PathSettings", inference_cache_file=cache_file)()
                      ^^^^^^^^^^^^^^^^^^^^^^^^^^^^^^^^^^^^^^^^^^^^^^^^^^^^^^^^^^^^^^^^^^^^^^^^
            )
E           TypeError: _patch.__call__() missing 1 required positional argument: 'func'

tests\test_integration.py:105: TypeError
=========================== short test summary info ===========================
FAILED tests/test_integration.py::test_full_pipeline_mock_mode - AttributeErr...
FAILED tests/test_integration.py::test_degraded_mode_model_timeout - Attribut...
FAILED tests/test_integration.py::test_cached_mode_behavior - TypeError: _pat...
============================== 3 failed in 0.50s ==============================
